# JRE version: Java(TM) SE Runtime Environment (7.0_80-b15) (build 1.7.0_80-b15)
# Java VM: Java HotSpot(TM) 64-Bit Server VM (24.80-b11 mixed mode linux-amd64 compressed oops)
Heap
 PSYoungGen      total 333312K, used 196895K [0x00000000eaa80000, 0x00000000fff80000, 0x0000000100000000)
  eden space 317440K, 62% used [0x00000000eaa80000,0x00000000f6ac7f68,0x00000000fe080000)
  from space 15872K, 0% used [0x00000000ff000000,0x00000000ff000000,0x00000000fff80000)
  to   space 15872K, 0% used [0x00000000fe080000,0x00000000fe080000,0x00000000ff000000)
 ParOldGen       total 115712K, used 39044K [0x00000000c0000000, 0x00000000c7100000, 0x00000000eaa80000)
  object space 115712K, 33% used [0x00000000c0000000,0x00000000c26213e8,0x00000000c7100000)
 PSPermGen       total 65536K, used 52901K [0x00000000b0000000, 0x00000000b4000000, 0x00000000c0000000)
  object space 65536K, 80% used [0x00000000b0000000,0x00000000b33a9558,0x00000000b4000000)
GC Heap History (10 events):
Event: 4040,148 GC heap before
{Heap before GC invocations=48 (full 13):
 PSYoungGen      total 329728K, used 9407K [0x00000000eaa80000, 0x0000000100000000, 0x0000000100000000)
  eden space 312832K, 0% used [0x00000000eaa80000,0x00000000eaa80000,0x00000000fdc00000)
  from space 16896K, 55% used [0x00000000fdc00000,0x00000000fe52fdd0,0x00000000fec80000)
  to   space 16896K, 0% used [0x00000000fef80000,0x00000000fef80000,0x0000000100000000)
 ParOldGen       total 115712K, used 59958K [0x00000000c0000000, 0x00000000c7100000, 0x00000000eaa80000)
  object space 115712K, 51% used [0x00000000c0000000,0x00000000c3a8d9d0,0x00000000c7100000)
 PSPermGen       total 72704K, used 55863K [0x00000000b0000000, 0x00000000b4700000, 0x00000000c0000000)
  object space 72704K, 76% used [0x00000000b0000000,0x00000000b368dc80,0x00000000b4700000)
Event: 4040,841 GC heap after
Heap after GC invocations=48 (full 13):
 PSYoungGen      total 329728K, used 0K [0x00000000eaa80000, 0x0000000100000000, 0x0000000100000000)
  eden space 312832K, 0% used [0x00000000eaa80000,0x00000000eaa80000,0x00000000fdc00000)
  from space 16896K, 0% used [0x00000000fdc00000,0x00000000fdc00000,0x00000000fec80000)
  to   space 16896K, 0% used [0x00000000fef80000,0x00000000fef80000,0x0000000100000000)
 ParOldGen       total 115712K, used 67374K [0x00000000c0000000, 0x00000000c7100000, 0x00000000eaa80000)
  object space 115712K, 58% used [0x00000000c0000000,0x00000000c41cbb88,0x00000000c7100000)
 PSPermGen       total 71168K, used 55704K [0x00000000b0000000, 0x00000000b4580000, 0x00000000c0000000)
  object space 71168K, 78% used [0x00000000b0000000,0x00000000b36662d0,0x00000000b4580000)
}
Event: 4113,159 GC heap before
{Heap before GC invocations=49 (full 13):
 PSYoungGen      total 329728K, used 312832K [0x00000000eaa80000, 0x0000000100000000, 0x0000000100000000)
  eden space 312832K, 100% used [0x00000000eaa80000,0x00000000fdc00000,0x00000000fdc00000)
  from space 16896K, 0% used [0x00000000fdc00000,0x00000000fdc00000,0x00000000fec80000)
  to   space 16896K, 0% used [0x00000000fef80000,0x00000000fef80000,0x0000000100000000)
 ParOldGen       total 115712K, used 67374K [0x00000000c0000000, 0x00000000c7100000, 0x00000000eaa80000)
  object space 115712K, 58% used [0x00000000c0000000,0x00000000c41cbb88,0x00000000c7100000)
 PSPermGen       total 71168K, used 56055K [0x00000000b0000000, 0x00000000b4580000, 0x00000000c0000000)
  object space 71168K, 78% used [0x00000000b0000000,0x00000000b36bde68,0x00000000b4580000)
Event: 4113,191 GC heap after
Heap after GC invocations=49 (full 13):
 PSYoungGen      total 331776K, used 3744K [0x00000000eaa80000, 0x00000000fff00000, 0x0000000100000000)
  eden space 315904K, 0% used [0x00000000eaa80000,0x00000000eaa80000,0x00000000fdf00000)
  from space 15872K, 23% used [0x00000000fef80000,0x00000000ff328010,0x00000000fff00000)
  to   space 16384K, 0% used [0x00000000fdf00000,0x00000000fdf00000,0x00000000fef00000)
 ParOldGen       total 115712K, used 67374K [0x00000000c0000000, 0x00000000c7100000, 0x00000000eaa80000)
  object space 115712K, 58% used [0x00000000c0000000,0x00000000c41cbb88,0x00000000c7100000)
 PSPermGen       total 71168K, used 56055K [0x00000000b0000000, 0x00000000b4580000, 0x00000000c0000000)
  object space 71168K, 78% used [0x00000000b0000000,0x00000000b36bde68,0x00000000b4580000)
}
Event: 4136,751 GC heap before
{Heap before GC invocations=50 (full 13):
 PSYoungGen      total 331776K, used 319648K [0x00000000eaa80000, 0x00000000fff00000, 0x0000000100000000)
  eden space 315904K, 100% used [0x00000000eaa80000,0x00000000fdf00000,0x00000000fdf00000)
  from space 15872K, 23% used [0x00000000fef80000,0x00000000ff328010,0x00000000fff00000)
  to   space 16384K, 0% used [0x00000000fdf00000,0x00000000fdf00000,0x00000000fef00000)
 ParOldGen       total 115712K, used 67374K [0x00000000c0000000, 0x00000000c7100000, 0x00000000eaa80000)
  object space 115712K, 58% used [0x00000000c0000000,0x00000000c41cbb88,0x00000000c7100000)
 PSPermGen       total 71168K, used 56714K [0x00000000b0000000, 0x00000000b4580000, 0x00000000c0000000)
  object space 71168K, 79% used [0x00000000b0000000,0x00000000b3762ae0,0x00000000b4580000)
Event: 4136,770 GC heap after
Heap after GC invocations=50 (full 13):
 PSYoungGen      total 332288K, used 6815K [0x00000000eaa80000, 0x00000000fff80000, 0x0000000100000000)
  eden space 315904K, 0% used [0x00000000eaa80000,0x00000000eaa80000,0x00000000fdf00000)
  from space 16384K, 41% used [0x00000000fdf00000,0x00000000fe5a7f30,0x00000000fef00000)
  to   space 15872K, 0% used [0x00000000ff000000,0x00000000ff000000,0x00000000fff80000)
 ParOldGen       total 115712K, used 67374K [0x00000000c0000000, 0x00000000c7100000, 0x00000000eaa80000)
  object space 115712K, 58% used [0x00000000c0000000,0x00000000c41cbb88,0x00000000c7100000)
 PSPermGen       total 71168K, used 56714K [0x00000000b0000000, 0x00000000b4580000, 0x00000000c0000000)
  object space 71168K, 79% used [0x00000000b0000000,0x00000000b3762ae0,0x00000000b4580000)
}
Event: 5215,622 GC heap before
{Heap before GC invocations=51 (full 13):
 PSYoungGen      total 332288K, used 192296K [0x00000000eaa80000, 0x00000000fff80000, 0x0000000100000000)
  eden space 315904K, 58% used [0x00000000eaa80000,0x00000000f5fa21a8,0x00000000fdf00000)
  from space 16384K, 41% used [0x00000000fdf00000,0x00000000fe5a7f30,0x00000000fef00000)
  to   space 15872K, 0% used [0x00000000ff000000,0x00000000ff000000,0x00000000fff80000)
 ParOldGen       total 115712K, used 67374K [0x00000000c0000000, 0x00000000c7100000, 0x00000000eaa80000)
  object space 115712K, 58% used [0x00000000c0000000,0x00000000c41cbb88,0x00000000c7100000)
 PSPermGen       total 71168K, used 57018K [0x00000000b0000000, 0x00000000b4580000, 0x00000000c0000000)
  object space 71168K, 80% used [0x00000000b0000000,0x00000000b37aea78,0x00000000b4580000)
Event: 5215,647 GC heap after
Heap after GC invocations=51 (full 13):
 PSYoungGen      total 333312K, used 9439K [0x00000000eaa80000, 0x00000000fff80000, 0x0000000100000000)
  eden space 317440K, 0% used [0x00000000eaa80000,0x00000000eaa80000,0x00000000fe080000)
  from space 15872K, 59% used [0x00000000ff000000,0x00000000ff937e28,0x00000000fff80000)
  to   space 15872K, 0% used [0x00000000fe080000,0x00000000fe080000,0x00000000ff000000)
 ParOldGen       total 115712K, used 67374K [0x00000000c0000000, 0x00000000c7100000, 0x00000000eaa80000)
  object space 115712K, 58% used [0x00000000c0000000,0x00000000c41cbb88,0x00000000c7100000)
 PSPermGen       total 71168K, used 57018K [0x00000000b0000000, 0x00000000b4580000, 0x00000000c0000000)
  object space 71168K, 80% used [0x00000000b0000000,0x00000000b37aea78,0x00000000b4580000)
}
Event: 5215,647 GC heap before
{Heap before GC invocations=52 (full 14):
 PSYoungGen      total 333312K, used 9439K [0x00000000eaa80000, 0x00000000fff80000, 0x0000000100000000)
  eden space 317440K, 0% used [0x00000000eaa80000,0x00000000eaa80000,0x00000000fe080000)
  from space 15872K, 59% used [0x00000000ff000000,0x00000000ff937e28,0x00000000fff80000)
  to   space 15872K, 0% used [0x00000000fe080000,0x00000000fe080000,0x00000000ff000000)
 ParOldGen       total 115712K, used 67374K [0x00000000c0000000, 0x00000000c7100000, 0x00000000eaa80000)
  object space 115712K, 58% used [0x00000000c0000000,0x00000000c41cbb88,0x00000000c7100000)
 PSPermGen       total 71168K, used 57018K [0x00000000b0000000, 0x00000000b4580000, 0x00000000c0000000)
  object space 71168K, 80% used [0x00000000b0000000,0x00000000b37aea78,0x00000000b4580000)
Event: 5216,142 GC heap after
Heap after GC invocations=52 (full 14):
 PSYoungGen      total 333312K, used 0K [0x00000000eaa80000, 0x00000000fff80000, 0x0000000100000000)
  eden space 317440K, 0% used [0x00000000eaa80000,0x00000000eaa80000,0x00000000fe080000)
  from space 15872K, 0% used [0x00000000ff000000,0x00000000ff000000,0x00000000fff80000)
  to   space 15872K, 0% used [0x00000000fe080000,0x00000000fe080000,0x00000000ff000000)
 ParOldGen       total 115712K, used 39044K [0x00000000c0000000, 0x00000000c7100000, 0x00000000eaa80000)
  object space 115712K, 33% used [0x00000000c0000000,0x00000000c26213e8,0x00000000c7100000)
 PSPermGen       total 65536K, used 52105K [0x00000000b0000000, 0x00000000b4000000, 0x00000000c0000000)
  object space 65536K, 79% used [0x00000000b0000000,0x00000000b32e2400,0x00000000b4000000)
}

